Process
=======
compile

Command Line
============
/Library/Java/JavaVirtualMachines/graalvm-svm-java17-darwin-gluon-22.0.0.3-Final/Contents/Home/bin/native-image -Djdk.internal.lambda.eagerlyInitialize=false --no-server -H:+ExitAfterRelocatableImageWrite -H:+SharedLibrary -H:+AddAllCharsets -H:+ReportExceptionStackTraces -H:-DeadlockWatchdogExitOnTimeout -H:DeadlockWatchdogInterval=0 -H:+RemoveSaturatedTypeFlows --features=org.graalvm.home.HomeFinderFeature -H:TempDirectory=/Users/hansolo/IntelliJ_Projects/glucostatusfx/target/gluonfx/arm64-ios/gvm/tmp -H:EnableURLProtocols=http,https --initialize-at-build-time=com.gluonhq.charm.glisten.visual.MaterialDesignIcon -H:ReflectionConfigurationFiles=/Users/hansolo/IntelliJ_Projects/glucostatusfx/target/gluonfx/arm64-ios/gvm/reflectionconfig-arm64-ios.json -H:JNIConfigurationFiles=/Users/hansolo/IntelliJ_Projects/glucostatusfx/target/gluonfx/arm64-ios/gvm/jniconfig-arm64-ios.json -H:ResourceConfigurationFiles=/Users/hansolo/IntelliJ_Projects/glucostatusfx/target/gluonfx/arm64-ios/gvm/resourceconfig-arm64-ios.json -H:PageSize=16384 -Dsvm.targetName=iOS -Dsvm.targetArch=arm64 -H:+UseCAPCache -H:CAPCacheDir=/Users/hansolo/IntelliJ_Projects/glucostatusfx/target/gluonfx/arm64-ios/gvm/capcache -H:CompilerBackend=lir -H:IncludeResourceBundles=com/sun/javafx/scene/control/skin/resources/controls,com/sun/javafx/scene/control/skin/resources/controls-nt,com.sun.javafx.tk.quantum.QuantumMessagesBundle,com.sun.media.jfxmedia.MediaErrors -Dsvm.platform=org.graalvm.nativeimage.Platform$IOS_AARCH64 -cp /Users/hansolo/.m2/repository/com/gluonhq/substrate/0.0.52/substrate-0.0.52.jar:/Users/hansolo/IntelliJ_Projects/glucostatusfx/target/gluonfx/arm64-ios/gvm/tmp/classpathJar.jar eu.hansolo.fx.glucostatus.Main

Output
======
Warning: Ignoring server-mode native-image argument --no-server.
========================================================================================================================
GraalVM Native Image: Generating 'eu.hansolo.fx.glucostatus.main'...
========================================================================================================================
[1/7] Initializing...                                                                                    (3,3s @ 0,16GB)
 Version info: 'GraalVM 22.0.0.2 Java 17 CE'
 1 user-provided feature(s)
  - com.oracle.svm.thirdparty.gson.GsonFeature
[2/7] Performing analysis...  [**********]                                                              (42,8s @ 4,06GB)
  13.190 (90,59%) of 14.560 classes reachable
  24.047 (72,75%) of 33.056 fields reachable
  63.995 (63,09%) of 101.430 methods reachable
     671 classes,   232 fields, and 1.545 methods registered for reflection
     121 classes,   105 fields, and   200 methods registered for JNI access
[3/7] Building universe...                                                                               (3,2s @ 4,94GB)
[4/7] Parsing methods...      [**]                                                                       (3,3s @ 1,77GB)
[5/7] Inlining methods...     [*****]                                                                    (2,3s @ 4,26GB)
[6/7] Compiling methods...    [****]                                                                    (20,4s @ 2,77GB)
[7/7] Creating image...
------------------------------------------------------------------------------------------------------------------------
                        8,5s (9,8% of total time) in 39 GCs | Peak RSS: 7,85GB | CPU load: 10,66
------------------------------------------------------------------------------------------------------------------------
Produced artifacts:
 /Users/hansolo/IntelliJ_Projects/glucostatusfx/target/gluonfx/arm64-ios/gvm/GlucoStatusFXG/graal_isolate.h (header)
 /Users/hansolo/IntelliJ_Projects/glucostatusfx/target/gluonfx/arm64-ios/gvm/GlucoStatusFXG/eu.hansolo.fx.glucostatus.main.h (header)
 /Users/hansolo/IntelliJ_Projects/glucostatusfx/target/gluonfx/arm64-ios/gvm/GlucoStatusFXG/graal_isolate_dynamic.h (header)
 /Users/hansolo/IntelliJ_Projects/glucostatusfx/target/gluonfx/arm64-ios/gvm/GlucoStatusFXG/eu.hansolo.fx.glucostatus.main_dynamic.h (header)
 /Users/hansolo/IntelliJ_Projects/glucostatusfx/target/gluonfx/arm64-ios/gvm/GlucoStatusFXG/eu.hansolo.fx.glucostatus.main.build_artifacts.txt
========================================================================================================================
Finished generating 'eu.hansolo.fx.glucostatus.main' in 1m 26s.


Result
======
result: 0