2022-02-02 13:21:50,697 [WARN] from javafx in application-akka.actor.default-dispatcher-5 - Unsupported JavaFX configuration: classes were loaded from 'unnamed module @54fe0be6'
2022-02-02 13:26:40,906 [WARN] from javafx in application-akka.actor.default-dispatcher-8 - Unsupported JavaFX configuration: classes were loaded from 'unnamed module @2567e360'
2022-02-02 13:27:05,643 [ERROR] from akka.io.TcpListener in application-akka.actor.default-dispatcher-7 - Bind failed for TCP channel on endpoint [/0.0.0.0:8080]
java.net.BindException: [/0.0.0.0:8080] Address already in use
	at java.base/sun.nio.ch.Net.bind0(Native Method)
	at java.base/sun.nio.ch.Net.bind(Net.java:555)
	at java.base/sun.nio.ch.ServerSocketChannelImpl.netBind(ServerSocketChannelImpl.java:337)
	at java.base/sun.nio.ch.ServerSocketChannelImpl.bind(ServerSocketChannelImpl.java:294)
	at java.base/sun.nio.ch.ServerSocketAdaptor.bind(ServerSocketAdaptor.java:89)
	at akka.io.TcpListener.liftedTree1$1(TcpListener.scala:60)
	at akka.io.TcpListener.<init>(TcpListener.scala:57)
	at java.base/jdk.internal.reflect.NativeConstructorAccessorImpl.newInstance0(Native Method)
	at java.base/jdk.internal.reflect.NativeConstructorAccessorImpl.newInstance(NativeConstructorAccessorImpl.java:77)
	at java.base/jdk.internal.reflect.DelegatingConstructorAccessorImpl.newInstance(DelegatingConstructorAccessorImpl.java:45)
	at java.base/java.lang.reflect.Constructor.newInstanceWithCaller(Constructor.java:499)
	at java.base/java.lang.reflect.Constructor.newInstance(Constructor.java:480)
	at akka.util.Reflect$.instantiate(Reflect.scala:73)
	at akka.actor.ArgsReflectConstructor.produce(IndirectActorProducer.scala:101)
	at akka.actor.Props.newActor(Props.scala:226)
	at akka.actor.ActorCell.newActor(ActorCell.scala:615)
	at akka.actor.ActorCell.create(ActorCell.scala:642)
	at akka.actor.ActorCell.invokeAll$1(ActorCell.scala:513)
	at akka.actor.ActorCell.systemInvoke(ActorCell.scala:535)
	at akka.dispatch.Mailbox.processAllSystemMessages(Mailbox.scala:295)
	at akka.dispatch.Mailbox.run(Mailbox.scala:230)
	at akka.dispatch.Mailbox.exec(Mailbox.scala:243)
	at java.base/java.util.concurrent.ForkJoinTask.doExec(ForkJoinTask.java:373)
	at java.base/java.util.concurrent.ForkJoinPool$WorkQueue.topLevelExec(ForkJoinPool.java:1182)
	at java.base/java.util.concurrent.ForkJoinPool.scan(ForkJoinPool.java:1655)
	at java.base/java.util.concurrent.ForkJoinPool.runWorker(ForkJoinPool.java:1622)
	at java.base/java.util.concurrent.ForkJoinWorkerThread.run(ForkJoinWorkerThread.java:165)
2022-02-02 13:28:58,704 [ERROR] from akka.io.TcpListener in application-akka.actor.default-dispatcher-5 - Bind failed for TCP channel on endpoint [/0.0.0.0:8080]
java.net.BindException: [/0.0.0.0:8080] Address already in use
	at java.base/sun.nio.ch.Net.bind0(Native Method)
	at java.base/sun.nio.ch.Net.bind(Net.java:555)
	at java.base/sun.nio.ch.ServerSocketChannelImpl.netBind(ServerSocketChannelImpl.java:337)
	at java.base/sun.nio.ch.ServerSocketChannelImpl.bind(ServerSocketChannelImpl.java:294)
	at java.base/sun.nio.ch.ServerSocketAdaptor.bind(ServerSocketAdaptor.java:89)
	at akka.io.TcpListener.liftedTree1$1(TcpListener.scala:60)
	at akka.io.TcpListener.<init>(TcpListener.scala:57)
	at java.base/jdk.internal.reflect.NativeConstructorAccessorImpl.newInstance0(Native Method)
	at java.base/jdk.internal.reflect.NativeConstructorAccessorImpl.newInstance(NativeConstructorAccessorImpl.java:77)
	at java.base/jdk.internal.reflect.DelegatingConstructorAccessorImpl.newInstance(DelegatingConstructorAccessorImpl.java:45)
	at java.base/java.lang.reflect.Constructor.newInstanceWithCaller(Constructor.java:499)
	at java.base/java.lang.reflect.Constructor.newInstance(Constructor.java:480)
	at akka.util.Reflect$.instantiate(Reflect.scala:73)
	at akka.actor.ArgsReflectConstructor.produce(IndirectActorProducer.scala:101)
	at akka.actor.Props.newActor(Props.scala:226)
	at akka.actor.ActorCell.newActor(ActorCell.scala:615)
	at akka.actor.ActorCell.create(ActorCell.scala:642)
	at akka.actor.ActorCell.invokeAll$1(ActorCell.scala:513)
	at akka.actor.ActorCell.systemInvoke(ActorCell.scala:535)
	at akka.dispatch.Mailbox.processAllSystemMessages(Mailbox.scala:295)
	at akka.dispatch.Mailbox.run(Mailbox.scala:230)
	at akka.dispatch.Mailbox.exec(Mailbox.scala:243)
	at java.base/java.util.concurrent.ForkJoinTask.doExec(ForkJoinTask.java:373)
	at java.base/java.util.concurrent.ForkJoinPool$WorkQueue.topLevelExec(ForkJoinPool.java:1182)
	at java.base/java.util.concurrent.ForkJoinPool.scan(ForkJoinPool.java:1655)
	at java.base/java.util.concurrent.ForkJoinPool.runWorker(ForkJoinPool.java:1622)
	at java.base/java.util.concurrent.ForkJoinWorkerThread.run(ForkJoinWorkerThread.java:165)
2022-02-02 13:30:23,505 [ERROR] from akka.io.TcpListener in application-akka.actor.default-dispatcher-8 - Bind failed for TCP channel on endpoint [/0.0.0.0:8080]
java.net.BindException: [/0.0.0.0:8080] Address already in use
	at java.base/sun.nio.ch.Net.bind0(Native Method)
	at java.base/sun.nio.ch.Net.bind(Net.java:555)
	at java.base/sun.nio.ch.ServerSocketChannelImpl.netBind(ServerSocketChannelImpl.java:337)
	at java.base/sun.nio.ch.ServerSocketChannelImpl.bind(ServerSocketChannelImpl.java:294)
	at java.base/sun.nio.ch.ServerSocketAdaptor.bind(ServerSocketAdaptor.java:89)
	at akka.io.TcpListener.liftedTree1$1(TcpListener.scala:60)
	at akka.io.TcpListener.<init>(TcpListener.scala:57)
	at java.base/jdk.internal.reflect.NativeConstructorAccessorImpl.newInstance0(Native Method)
	at java.base/jdk.internal.reflect.NativeConstructorAccessorImpl.newInstance(NativeConstructorAccessorImpl.java:77)
	at java.base/jdk.internal.reflect.DelegatingConstructorAccessorImpl.newInstance(DelegatingConstructorAccessorImpl.java:45)
	at java.base/java.lang.reflect.Constructor.newInstanceWithCaller(Constructor.java:499)
	at java.base/java.lang.reflect.Constructor.newInstance(Constructor.java:480)
	at akka.util.Reflect$.instantiate(Reflect.scala:73)
	at akka.actor.ArgsReflectConstructor.produce(IndirectActorProducer.scala:101)
	at akka.actor.Props.newActor(Props.scala:226)
	at akka.actor.ActorCell.newActor(ActorCell.scala:615)
	at akka.actor.ActorCell.create(ActorCell.scala:642)
	at akka.actor.ActorCell.invokeAll$1(ActorCell.scala:513)
	at akka.actor.ActorCell.systemInvoke(ActorCell.scala:535)
	at akka.dispatch.Mailbox.processAllSystemMessages(Mailbox.scala:295)
	at akka.dispatch.Mailbox.run(Mailbox.scala:230)
	at akka.dispatch.Mailbox.exec(Mailbox.scala:243)
	at java.base/java.util.concurrent.ForkJoinTask.doExec(ForkJoinTask.java:373)
	at java.base/java.util.concurrent.ForkJoinPool$WorkQueue.topLevelExec(ForkJoinPool.java:1182)
	at java.base/java.util.concurrent.ForkJoinPool.scan(ForkJoinPool.java:1655)
	at java.base/java.util.concurrent.ForkJoinPool.runWorker(ForkJoinPool.java:1622)
	at java.base/java.util.concurrent.ForkJoinWorkerThread.run(ForkJoinWorkerThread.java:165)
2022-02-02 13:31:40,890 [WARN] from javafx in application-akka.actor.default-dispatcher-4 - Unsupported JavaFX configuration: classes were loaded from 'unnamed module @1d283334'
2022-02-02 13:36:29,736 [WARN] from javafx in application-akka.actor.default-dispatcher-7 - Unsupported JavaFX configuration: classes were loaded from 'unnamed module @7d05f0fa'
2022-02-02 13:36:57,787 [ERROR] from akka.io.TcpListener in application-akka.actor.default-dispatcher-7 - Bind failed for TCP channel on endpoint [/0.0.0.0:8080]
java.net.BindException: [/0.0.0.0:8080] Address already in use
	at java.base/sun.nio.ch.Net.bind0(Native Method)
	at java.base/sun.nio.ch.Net.bind(Net.java:555)
	at java.base/sun.nio.ch.ServerSocketChannelImpl.netBind(ServerSocketChannelImpl.java:337)
	at java.base/sun.nio.ch.ServerSocketChannelImpl.bind(ServerSocketChannelImpl.java:294)
	at java.base/sun.nio.ch.ServerSocketAdaptor.bind(ServerSocketAdaptor.java:89)
	at akka.io.TcpListener.liftedTree1$1(TcpListener.scala:60)
	at akka.io.TcpListener.<init>(TcpListener.scala:57)
	at java.base/jdk.internal.reflect.NativeConstructorAccessorImpl.newInstance0(Native Method)
	at java.base/jdk.internal.reflect.NativeConstructorAccessorImpl.newInstance(NativeConstructorAccessorImpl.java:77)
	at java.base/jdk.internal.reflect.DelegatingConstructorAccessorImpl.newInstance(DelegatingConstructorAccessorImpl.java:45)
	at java.base/java.lang.reflect.Constructor.newInstanceWithCaller(Constructor.java:499)
	at java.base/java.lang.reflect.Constructor.newInstance(Constructor.java:480)
	at akka.util.Reflect$.instantiate(Reflect.scala:73)
	at akka.actor.ArgsReflectConstructor.produce(IndirectActorProducer.scala:101)
	at akka.actor.Props.newActor(Props.scala:226)
	at akka.actor.ActorCell.newActor(ActorCell.scala:615)
	at akka.actor.ActorCell.create(ActorCell.scala:642)
	at akka.actor.ActorCell.invokeAll$1(ActorCell.scala:513)
	at akka.actor.ActorCell.systemInvoke(ActorCell.scala:535)
	at akka.dispatch.Mailbox.processAllSystemMessages(Mailbox.scala:295)
	at akka.dispatch.Mailbox.run(Mailbox.scala:230)
	at akka.dispatch.Mailbox.exec(Mailbox.scala:243)
	at java.base/java.util.concurrent.ForkJoinTask.doExec(ForkJoinTask.java:373)
	at java.base/java.util.concurrent.ForkJoinPool$WorkQueue.topLevelExec(ForkJoinPool.java:1182)
	at java.base/java.util.concurrent.ForkJoinPool.scan(ForkJoinPool.java:1655)
	at java.base/java.util.concurrent.ForkJoinPool.runWorker(ForkJoinPool.java:1622)
	at java.base/java.util.concurrent.ForkJoinWorkerThread.run(ForkJoinWorkerThread.java:165)
2022-02-02 13:37:32,015 [ERROR] from akka.io.TcpListener in application-akka.actor.default-dispatcher-7 - Bind failed for TCP channel on endpoint [/0.0.0.0:8080]
java.net.BindException: [/0.0.0.0:8080] Address already in use
	at java.base/sun.nio.ch.Net.bind0(Native Method)
	at java.base/sun.nio.ch.Net.bind(Net.java:555)
	at java.base/sun.nio.ch.ServerSocketChannelImpl.netBind(ServerSocketChannelImpl.java:337)
	at java.base/sun.nio.ch.ServerSocketChannelImpl.bind(ServerSocketChannelImpl.java:294)
	at java.base/sun.nio.ch.ServerSocketAdaptor.bind(ServerSocketAdaptor.java:89)
	at akka.io.TcpListener.liftedTree1$1(TcpListener.scala:60)
	at akka.io.TcpListener.<init>(TcpListener.scala:57)
	at java.base/jdk.internal.reflect.NativeConstructorAccessorImpl.newInstance0(Native Method)
	at java.base/jdk.internal.reflect.NativeConstructorAccessorImpl.newInstance(NativeConstructorAccessorImpl.java:77)
	at java.base/jdk.internal.reflect.DelegatingConstructorAccessorImpl.newInstance(DelegatingConstructorAccessorImpl.java:45)
	at java.base/java.lang.reflect.Constructor.newInstanceWithCaller(Constructor.java:499)
	at java.base/java.lang.reflect.Constructor.newInstance(Constructor.java:480)
	at akka.util.Reflect$.instantiate(Reflect.scala:73)
	at akka.actor.ArgsReflectConstructor.produce(IndirectActorProducer.scala:101)
	at akka.actor.Props.newActor(Props.scala:226)
	at akka.actor.ActorCell.newActor(ActorCell.scala:615)
	at akka.actor.ActorCell.create(ActorCell.scala:642)
	at akka.actor.ActorCell.invokeAll$1(ActorCell.scala:513)
	at akka.actor.ActorCell.systemInvoke(ActorCell.scala:535)
	at akka.dispatch.Mailbox.processAllSystemMessages(Mailbox.scala:295)
	at akka.dispatch.Mailbox.run(Mailbox.scala:230)
	at akka.dispatch.Mailbox.exec(Mailbox.scala:243)
	at java.base/java.util.concurrent.ForkJoinTask.doExec(ForkJoinTask.java:373)
	at java.base/java.util.concurrent.ForkJoinPool$WorkQueue.topLevelExec(ForkJoinPool.java:1182)
	at java.base/java.util.concurrent.ForkJoinPool.scan(ForkJoinPool.java:1655)
	at java.base/java.util.concurrent.ForkJoinPool.runWorker(ForkJoinPool.java:1622)
	at java.base/java.util.concurrent.ForkJoinWorkerThread.run(ForkJoinWorkerThread.java:165)
2022-02-02 13:39:06,236 [WARN] from javafx in application-akka.actor.default-dispatcher-7 - Unsupported JavaFX configuration: classes were loaded from 'unnamed module @21d62448'
2022-02-02 13:49:49,598 [WARN] from javafx in application-akka.actor.default-dispatcher-9 - Unsupported JavaFX configuration: classes were loaded from 'unnamed module @71d4f44a'
2022-02-02 13:52:11,987 [ERROR] from akka.io.TcpListener in application-akka.actor.default-dispatcher-7 - Bind failed for TCP channel on endpoint [/0.0.0.0:8080]
java.net.BindException: [/0.0.0.0:8080] Address already in use
	at java.base/sun.nio.ch.Net.bind0(Native Method)
	at java.base/sun.nio.ch.Net.bind(Net.java:555)
	at java.base/sun.nio.ch.ServerSocketChannelImpl.netBind(ServerSocketChannelImpl.java:337)
	at java.base/sun.nio.ch.ServerSocketChannelImpl.bind(ServerSocketChannelImpl.java:294)
	at java.base/sun.nio.ch.ServerSocketAdaptor.bind(ServerSocketAdaptor.java:89)
	at akka.io.TcpListener.liftedTree1$1(TcpListener.scala:60)
	at akka.io.TcpListener.<init>(TcpListener.scala:57)
	at java.base/jdk.internal.reflect.NativeConstructorAccessorImpl.newInstance0(Native Method)
	at java.base/jdk.internal.reflect.NativeConstructorAccessorImpl.newInstance(NativeConstructorAccessorImpl.java:77)
	at java.base/jdk.internal.reflect.DelegatingConstructorAccessorImpl.newInstance(DelegatingConstructorAccessorImpl.java:45)
	at java.base/java.lang.reflect.Constructor.newInstanceWithCaller(Constructor.java:499)
	at java.base/java.lang.reflect.Constructor.newInstance(Constructor.java:480)
	at akka.util.Reflect$.instantiate(Reflect.scala:73)
	at akka.actor.ArgsReflectConstructor.produce(IndirectActorProducer.scala:101)
	at akka.actor.Props.newActor(Props.scala:226)
	at akka.actor.ActorCell.newActor(ActorCell.scala:615)
	at akka.actor.ActorCell.create(ActorCell.scala:642)
	at akka.actor.ActorCell.invokeAll$1(ActorCell.scala:513)
	at akka.actor.ActorCell.systemInvoke(ActorCell.scala:535)
	at akka.dispatch.Mailbox.processAllSystemMessages(Mailbox.scala:295)
	at akka.dispatch.Mailbox.run(Mailbox.scala:230)
	at akka.dispatch.Mailbox.exec(Mailbox.scala:243)
	at java.base/java.util.concurrent.ForkJoinTask.doExec(ForkJoinTask.java:373)
	at java.base/java.util.concurrent.ForkJoinPool$WorkQueue.topLevelExec(ForkJoinPool.java:1182)
	at java.base/java.util.concurrent.ForkJoinPool.scan(ForkJoinPool.java:1655)
	at java.base/java.util.concurrent.ForkJoinPool.runWorker(ForkJoinPool.java:1622)
	at java.base/java.util.concurrent.ForkJoinWorkerThread.run(ForkJoinWorkerThread.java:165)
2022-02-02 13:53:27,408 [WARN] from javafx in application-akka.actor.default-dispatcher-8 - Unsupported JavaFX configuration: classes were loaded from 'unnamed module @3e0f761d'
