2022-02-02 13:21:50,014 [INFO] from akka.event.slf4j.Slf4jLogger in application-akka.actor.default-dispatcher-5 - Slf4jLogger started
2022-02-02 13:21:50,279 [INFO] from play.api.Play in Thread-0 - Application started (Prod) (no global state)
2022-02-02 13:21:50,547 [INFO] from play.core.server.AkkaHttpServer in Thread-0 - Enabling HTTP/2 on Akka HTTP server...
2022-02-02 13:21:50,547 [INFO] from play.core.server.AkkaHttpServer in Thread-0 - Listening for HTTP on /[0:0:0:0:0:0:0:0]:8080
2022-02-02 13:21:50,653 [INFO] from com.jpro.activity in application-akka.actor.default-dispatcher-5 - Starting the server
2022-02-02 13:21:50,653 [INFO] from com.jpro.internal.server.Initializer$ in application-akka.actor.default-dispatcher-5 -  *** Starting JPro: https://www.jpro.one/ ***
2022-02-02 13:21:50,653 [INFO] from com.jpro.internal.server.Initializer$ in application-akka.actor.default-dispatcher-5 - OS: Mac OS X
2022-02-02 13:21:50,656 [INFO] from com.jpro.internal.server.Initializer$ in application-akka.actor.default-dispatcher-5 - JPro: 2021.2.2
2022-02-02 13:21:50,656 [INFO] from com.jpro.internal.server.Initializer$ in application-akka.actor.default-dispatcher-5 - Java version: 17.0.2
2022-02-02 13:21:50,656 [INFO] from com.jpro.internal.server.Initializer$ in application-akka.actor.default-dispatcher-5 - JVM: 17.0.2 Azul Systems, Inc.
2022-02-02 13:21:50,658 [INFO] from com.jpro.internal.server.Initializer$ in application-akka.actor.default-dispatcher-5 - JavaFX jar: file:/Users/hansolo/.gradle/caches/modules-2/files-2.1/org.openjfx/javafx-graphics/17.0.1.1-jpro+0/4bea52d4d90e3219d69229e1d235efc17296d40/javafx-graphics-17.0.1.1-jpro+0-mac.jar
2022-02-02 13:21:50,664 [INFO] from com.jpro.internal.server.Initializer$ in application-akka.actor.default-dispatcher-5 - redirected OUT / ERR
2022-02-02 13:21:50,664 [INFO] from com.jpro.internal.server.Initializer$ in application-akka.actor.default-dispatcher-5 - installed SLF4JBridge
2022-02-02 13:21:50,697 [WARN] from javafx in application-akka.actor.default-dispatcher-5 - Unsupported JavaFX configuration: classes were loaded from 'unnamed module @54fe0be6'
2022-02-02 13:26:40,241 [INFO] from akka.event.slf4j.Slf4jLogger in application-akka.actor.default-dispatcher-5 - Slf4jLogger started
2022-02-02 13:26:40,508 [INFO] from play.api.Play in Thread-0 - Application started (Prod) (no global state)
2022-02-02 13:26:40,747 [INFO] from play.core.server.AkkaHttpServer in Thread-0 - Enabling HTTP/2 on Akka HTTP server...
2022-02-02 13:26:40,748 [INFO] from play.core.server.AkkaHttpServer in Thread-0 - Listening for HTTP on /[0:0:0:0:0:0:0:0]:8080
2022-02-02 13:26:40,862 [INFO] from com.jpro.activity in application-akka.actor.default-dispatcher-8 - Starting the server
2022-02-02 13:26:40,862 [INFO] from com.jpro.internal.server.Initializer$ in application-akka.actor.default-dispatcher-8 -  *** Starting JPro: https://www.jpro.one/ ***
2022-02-02 13:26:40,862 [INFO] from com.jpro.internal.server.Initializer$ in application-akka.actor.default-dispatcher-8 - OS: Mac OS X
2022-02-02 13:26:40,866 [INFO] from com.jpro.internal.server.Initializer$ in application-akka.actor.default-dispatcher-8 - JPro: 2021.2.2
2022-02-02 13:26:40,866 [INFO] from com.jpro.internal.server.Initializer$ in application-akka.actor.default-dispatcher-8 - Java version: 17.0.2
2022-02-02 13:26:40,866 [INFO] from com.jpro.internal.server.Initializer$ in application-akka.actor.default-dispatcher-8 - JVM: 17.0.2 Azul Systems, Inc.
2022-02-02 13:26:40,867 [INFO] from com.jpro.internal.server.Initializer$ in application-akka.actor.default-dispatcher-8 - JavaFX jar: file:/Users/hansolo/.gradle/caches/modules-2/files-2.1/org.openjfx/javafx-graphics/17.0.1.1-jpro+0/4bea52d4d90e3219d69229e1d235efc17296d40/javafx-graphics-17.0.1.1-jpro+0-mac.jar
2022-02-02 13:26:40,872 [INFO] from com.jpro.internal.server.Initializer$ in application-akka.actor.default-dispatcher-8 - redirected OUT / ERR
2022-02-02 13:26:40,873 [INFO] from com.jpro.internal.server.Initializer$ in application-akka.actor.default-dispatcher-8 - installed SLF4JBridge
2022-02-02 13:26:40,906 [WARN] from javafx in application-akka.actor.default-dispatcher-8 - Unsupported JavaFX configuration: classes were loaded from 'unnamed module @2567e360'
2022-02-02 13:27:05,141 [INFO] from akka.event.slf4j.Slf4jLogger in application-akka.actor.default-dispatcher-4 - Slf4jLogger started
2022-02-02 13:27:05,405 [INFO] from play.api.Play in Thread-0 - Application started (Prod) (no global state)
2022-02-02 13:27:05,643 [ERROR] from akka.io.TcpListener in application-akka.actor.default-dispatcher-7 - Bind failed for TCP channel on endpoint [/0.0.0.0:8080]
java.net.BindException: [/0.0.0.0:8080] Address already in use
	at java.base/sun.nio.ch.Net.bind0(Native Method)
	at java.base/sun.nio.ch.Net.bind(Net.java:555)
	at java.base/sun.nio.ch.ServerSocketChannelImpl.netBind(ServerSocketChannelImpl.java:337)
	at java.base/sun.nio.ch.ServerSocketChannelImpl.bind(ServerSocketChannelImpl.java:294)
	at java.base/sun.nio.ch.ServerSocketAdaptor.bind(ServerSocketAdaptor.java:89)
	at akka.io.TcpListener.liftedTree1$1(TcpListener.scala:60)
	at akka.io.TcpListener.<init>(TcpListener.scala:57)
	at java.base/jdk.internal.reflect.NativeConstructorAccessorImpl.newInstance0(Native Method)
	at java.base/jdk.internal.reflect.NativeConstructorAccessorImpl.newInstance(NativeConstructorAccessorImpl.java:77)
	at java.base/jdk.internal.reflect.DelegatingConstructorAccessorImpl.newInstance(DelegatingConstructorAccessorImpl.java:45)
	at java.base/java.lang.reflect.Constructor.newInstanceWithCaller(Constructor.java:499)
	at java.base/java.lang.reflect.Constructor.newInstance(Constructor.java:480)
	at akka.util.Reflect$.instantiate(Reflect.scala:73)
	at akka.actor.ArgsReflectConstructor.produce(IndirectActorProducer.scala:101)
	at akka.actor.Props.newActor(Props.scala:226)
	at akka.actor.ActorCell.newActor(ActorCell.scala:615)
	at akka.actor.ActorCell.create(ActorCell.scala:642)
	at akka.actor.ActorCell.invokeAll$1(ActorCell.scala:513)
	at akka.actor.ActorCell.systemInvoke(ActorCell.scala:535)
	at akka.dispatch.Mailbox.processAllSystemMessages(Mailbox.scala:295)
	at akka.dispatch.Mailbox.run(Mailbox.scala:230)
	at akka.dispatch.Mailbox.exec(Mailbox.scala:243)
	at java.base/java.util.concurrent.ForkJoinTask.doExec(ForkJoinTask.java:373)
	at java.base/java.util.concurrent.ForkJoinPool$WorkQueue.topLevelExec(ForkJoinPool.java:1182)
	at java.base/java.util.concurrent.ForkJoinPool.scan(ForkJoinPool.java:1655)
	at java.base/java.util.concurrent.ForkJoinPool.runWorker(ForkJoinPool.java:1622)
	at java.base/java.util.concurrent.ForkJoinWorkerThread.run(ForkJoinWorkerThread.java:165)
2022-02-02 13:28:58,047 [INFO] from akka.event.slf4j.Slf4jLogger in application-akka.actor.default-dispatcher-5 - Slf4jLogger started
2022-02-02 13:28:58,354 [INFO] from play.api.Play in Thread-0 - Application started (Prod) (no global state)
2022-02-02 13:28:58,704 [ERROR] from akka.io.TcpListener in application-akka.actor.default-dispatcher-5 - Bind failed for TCP channel on endpoint [/0.0.0.0:8080]
java.net.BindException: [/0.0.0.0:8080] Address already in use
	at java.base/sun.nio.ch.Net.bind0(Native Method)
	at java.base/sun.nio.ch.Net.bind(Net.java:555)
	at java.base/sun.nio.ch.ServerSocketChannelImpl.netBind(ServerSocketChannelImpl.java:337)
	at java.base/sun.nio.ch.ServerSocketChannelImpl.bind(ServerSocketChannelImpl.java:294)
	at java.base/sun.nio.ch.ServerSocketAdaptor.bind(ServerSocketAdaptor.java:89)
	at akka.io.TcpListener.liftedTree1$1(TcpListener.scala:60)
	at akka.io.TcpListener.<init>(TcpListener.scala:57)
	at java.base/jdk.internal.reflect.NativeConstructorAccessorImpl.newInstance0(Native Method)
	at java.base/jdk.internal.reflect.NativeConstructorAccessorImpl.newInstance(NativeConstructorAccessorImpl.java:77)
	at java.base/jdk.internal.reflect.DelegatingConstructorAccessorImpl.newInstance(DelegatingConstructorAccessorImpl.java:45)
	at java.base/java.lang.reflect.Constructor.newInstanceWithCaller(Constructor.java:499)
	at java.base/java.lang.reflect.Constructor.newInstance(Constructor.java:480)
	at akka.util.Reflect$.instantiate(Reflect.scala:73)
	at akka.actor.ArgsReflectConstructor.produce(IndirectActorProducer.scala:101)
	at akka.actor.Props.newActor(Props.scala:226)
	at akka.actor.ActorCell.newActor(ActorCell.scala:615)
	at akka.actor.ActorCell.create(ActorCell.scala:642)
	at akka.actor.ActorCell.invokeAll$1(ActorCell.scala:513)
	at akka.actor.ActorCell.systemInvoke(ActorCell.scala:535)
	at akka.dispatch.Mailbox.processAllSystemMessages(Mailbox.scala:295)
	at akka.dispatch.Mailbox.run(Mailbox.scala:230)
	at akka.dispatch.Mailbox.exec(Mailbox.scala:243)
	at java.base/java.util.concurrent.ForkJoinTask.doExec(ForkJoinTask.java:373)
	at java.base/java.util.concurrent.ForkJoinPool$WorkQueue.topLevelExec(ForkJoinPool.java:1182)
	at java.base/java.util.concurrent.ForkJoinPool.scan(ForkJoinPool.java:1655)
	at java.base/java.util.concurrent.ForkJoinPool.runWorker(ForkJoinPool.java:1622)
	at java.base/java.util.concurrent.ForkJoinWorkerThread.run(ForkJoinWorkerThread.java:165)
2022-02-02 13:30:22,996 [INFO] from akka.event.slf4j.Slf4jLogger in application-akka.actor.default-dispatcher-5 - Slf4jLogger started
2022-02-02 13:30:23,266 [INFO] from play.api.Play in Thread-0 - Application started (Prod) (no global state)
2022-02-02 13:30:23,505 [ERROR] from akka.io.TcpListener in application-akka.actor.default-dispatcher-8 - Bind failed for TCP channel on endpoint [/0.0.0.0:8080]
java.net.BindException: [/0.0.0.0:8080] Address already in use
	at java.base/sun.nio.ch.Net.bind0(Native Method)
	at java.base/sun.nio.ch.Net.bind(Net.java:555)
	at java.base/sun.nio.ch.ServerSocketChannelImpl.netBind(ServerSocketChannelImpl.java:337)
	at java.base/sun.nio.ch.ServerSocketChannelImpl.bind(ServerSocketChannelImpl.java:294)
	at java.base/sun.nio.ch.ServerSocketAdaptor.bind(ServerSocketAdaptor.java:89)
	at akka.io.TcpListener.liftedTree1$1(TcpListener.scala:60)
	at akka.io.TcpListener.<init>(TcpListener.scala:57)
	at java.base/jdk.internal.reflect.NativeConstructorAccessorImpl.newInstance0(Native Method)
	at java.base/jdk.internal.reflect.NativeConstructorAccessorImpl.newInstance(NativeConstructorAccessorImpl.java:77)
	at java.base/jdk.internal.reflect.DelegatingConstructorAccessorImpl.newInstance(DelegatingConstructorAccessorImpl.java:45)
	at java.base/java.lang.reflect.Constructor.newInstanceWithCaller(Constructor.java:499)
	at java.base/java.lang.reflect.Constructor.newInstance(Constructor.java:480)
	at akka.util.Reflect$.instantiate(Reflect.scala:73)
	at akka.actor.ArgsReflectConstructor.produce(IndirectActorProducer.scala:101)
	at akka.actor.Props.newActor(Props.scala:226)
	at akka.actor.ActorCell.newActor(ActorCell.scala:615)
	at akka.actor.ActorCell.create(ActorCell.scala:642)
	at akka.actor.ActorCell.invokeAll$1(ActorCell.scala:513)
	at akka.actor.ActorCell.systemInvoke(ActorCell.scala:535)
	at akka.dispatch.Mailbox.processAllSystemMessages(Mailbox.scala:295)
	at akka.dispatch.Mailbox.run(Mailbox.scala:230)
	at akka.dispatch.Mailbox.exec(Mailbox.scala:243)
	at java.base/java.util.concurrent.ForkJoinTask.doExec(ForkJoinTask.java:373)
	at java.base/java.util.concurrent.ForkJoinPool$WorkQueue.topLevelExec(ForkJoinPool.java:1182)
	at java.base/java.util.concurrent.ForkJoinPool.scan(ForkJoinPool.java:1655)
	at java.base/java.util.concurrent.ForkJoinPool.runWorker(ForkJoinPool.java:1622)
	at java.base/java.util.concurrent.ForkJoinWorkerThread.run(ForkJoinWorkerThread.java:165)
2022-02-02 13:31:40,228 [INFO] from akka.event.slf4j.Slf4jLogger in application-akka.actor.default-dispatcher-4 - Slf4jLogger started
2022-02-02 13:31:40,509 [INFO] from play.api.Play in Thread-0 - Application started (Prod) (no global state)
2022-02-02 13:31:40,749 [INFO] from play.core.server.AkkaHttpServer in Thread-0 - Enabling HTTP/2 on Akka HTTP server...
2022-02-02 13:31:40,750 [INFO] from play.core.server.AkkaHttpServer in Thread-0 - Listening for HTTP on /[0:0:0:0:0:0:0:0]:8081
2022-02-02 13:31:40,847 [INFO] from com.jpro.activity in application-akka.actor.default-dispatcher-4 - Starting the server
2022-02-02 13:31:40,847 [INFO] from com.jpro.internal.server.Initializer$ in application-akka.actor.default-dispatcher-4 -  *** Starting JPro: https://www.jpro.one/ ***
2022-02-02 13:31:40,847 [INFO] from com.jpro.internal.server.Initializer$ in application-akka.actor.default-dispatcher-4 - OS: Mac OS X
2022-02-02 13:31:40,850 [INFO] from com.jpro.internal.server.Initializer$ in application-akka.actor.default-dispatcher-4 - JPro: 2021.2.2
2022-02-02 13:31:40,850 [INFO] from com.jpro.internal.server.Initializer$ in application-akka.actor.default-dispatcher-4 - Java version: 17.0.2
2022-02-02 13:31:40,850 [INFO] from com.jpro.internal.server.Initializer$ in application-akka.actor.default-dispatcher-4 - JVM: 17.0.2 Azul Systems, Inc.
2022-02-02 13:31:40,851 [INFO] from com.jpro.internal.server.Initializer$ in application-akka.actor.default-dispatcher-4 - JavaFX jar: file:/Users/hansolo/.gradle/caches/modules-2/files-2.1/org.openjfx/javafx-graphics/17.0.1.1-jpro+0/4bea52d4d90e3219d69229e1d235efc17296d40/javafx-graphics-17.0.1.1-jpro+0-mac.jar
2022-02-02 13:31:40,857 [INFO] from com.jpro.internal.server.Initializer$ in application-akka.actor.default-dispatcher-4 - redirected OUT / ERR
2022-02-02 13:31:40,857 [INFO] from com.jpro.internal.server.Initializer$ in application-akka.actor.default-dispatcher-4 - installed SLF4JBridge
2022-02-02 13:31:40,890 [WARN] from javafx in application-akka.actor.default-dispatcher-4 - Unsupported JavaFX configuration: classes were loaded from 'unnamed module @1d283334'
2022-02-02 13:36:29,073 [INFO] from akka.event.slf4j.Slf4jLogger in application-akka.actor.default-dispatcher-5 - Slf4jLogger started
2022-02-02 13:36:29,338 [INFO] from play.api.Play in Thread-0 - Application started (Prod) (no global state)
2022-02-02 13:36:29,584 [INFO] from play.core.server.AkkaHttpServer in Thread-0 - Enabling HTTP/2 on Akka HTTP server...
2022-02-02 13:36:29,584 [INFO] from play.core.server.AkkaHttpServer in Thread-0 - Listening for HTTP on /[0:0:0:0:0:0:0:0]:8081
2022-02-02 13:36:29,694 [INFO] from com.jpro.activity in application-akka.actor.default-dispatcher-7 - Starting the server
2022-02-02 13:36:29,695 [INFO] from com.jpro.internal.server.Initializer$ in application-akka.actor.default-dispatcher-7 -  *** Starting JPro: https://www.jpro.one/ ***
2022-02-02 13:36:29,695 [INFO] from com.jpro.internal.server.Initializer$ in application-akka.actor.default-dispatcher-7 - OS: Mac OS X
2022-02-02 13:36:29,698 [INFO] from com.jpro.internal.server.Initializer$ in application-akka.actor.default-dispatcher-7 - JPro: 2021.2.2
2022-02-02 13:36:29,698 [INFO] from com.jpro.internal.server.Initializer$ in application-akka.actor.default-dispatcher-7 - Java version: 17.0.2
2022-02-02 13:36:29,698 [INFO] from com.jpro.internal.server.Initializer$ in application-akka.actor.default-dispatcher-7 - JVM: 17.0.2 Azul Systems, Inc.
2022-02-02 13:36:29,699 [INFO] from com.jpro.internal.server.Initializer$ in application-akka.actor.default-dispatcher-7 - JavaFX jar: file:/Users/hansolo/.gradle/caches/modules-2/files-2.1/org.openjfx/javafx-graphics/17.0.1.1-jpro+0/4bea52d4d90e3219d69229e1d235efc17296d40/javafx-graphics-17.0.1.1-jpro+0-mac.jar
2022-02-02 13:36:29,705 [INFO] from com.jpro.internal.server.Initializer$ in application-akka.actor.default-dispatcher-7 - redirected OUT / ERR
2022-02-02 13:36:29,705 [INFO] from com.jpro.internal.server.Initializer$ in application-akka.actor.default-dispatcher-7 - installed SLF4JBridge
2022-02-02 13:36:29,736 [WARN] from javafx in application-akka.actor.default-dispatcher-7 - Unsupported JavaFX configuration: classes were loaded from 'unnamed module @7d05f0fa'
2022-02-02 13:36:57,274 [INFO] from akka.event.slf4j.Slf4jLogger in application-akka.actor.default-dispatcher-5 - Slf4jLogger started
2022-02-02 13:36:57,544 [INFO] from play.api.Play in Thread-0 - Application started (Prod) (no global state)
2022-02-02 13:36:57,787 [ERROR] from akka.io.TcpListener in application-akka.actor.default-dispatcher-7 - Bind failed for TCP channel on endpoint [/0.0.0.0:8080]
java.net.BindException: [/0.0.0.0:8080] Address already in use
	at java.base/sun.nio.ch.Net.bind0(Native Method)
	at java.base/sun.nio.ch.Net.bind(Net.java:555)
	at java.base/sun.nio.ch.ServerSocketChannelImpl.netBind(ServerSocketChannelImpl.java:337)
	at java.base/sun.nio.ch.ServerSocketChannelImpl.bind(ServerSocketChannelImpl.java:294)
	at java.base/sun.nio.ch.ServerSocketAdaptor.bind(ServerSocketAdaptor.java:89)
	at akka.io.TcpListener.liftedTree1$1(TcpListener.scala:60)
	at akka.io.TcpListener.<init>(TcpListener.scala:57)
	at java.base/jdk.internal.reflect.NativeConstructorAccessorImpl.newInstance0(Native Method)
	at java.base/jdk.internal.reflect.NativeConstructorAccessorImpl.newInstance(NativeConstructorAccessorImpl.java:77)
	at java.base/jdk.internal.reflect.DelegatingConstructorAccessorImpl.newInstance(DelegatingConstructorAccessorImpl.java:45)
	at java.base/java.lang.reflect.Constructor.newInstanceWithCaller(Constructor.java:499)
	at java.base/java.lang.reflect.Constructor.newInstance(Constructor.java:480)
	at akka.util.Reflect$.instantiate(Reflect.scala:73)
	at akka.actor.ArgsReflectConstructor.produce(IndirectActorProducer.scala:101)
	at akka.actor.Props.newActor(Props.scala:226)
	at akka.actor.ActorCell.newActor(ActorCell.scala:615)
	at akka.actor.ActorCell.create(ActorCell.scala:642)
	at akka.actor.ActorCell.invokeAll$1(ActorCell.scala:513)
	at akka.actor.ActorCell.systemInvoke(ActorCell.scala:535)
	at akka.dispatch.Mailbox.processAllSystemMessages(Mailbox.scala:295)
	at akka.dispatch.Mailbox.run(Mailbox.scala:230)
	at akka.dispatch.Mailbox.exec(Mailbox.scala:243)
	at java.base/java.util.concurrent.ForkJoinTask.doExec(ForkJoinTask.java:373)
	at java.base/java.util.concurrent.ForkJoinPool$WorkQueue.topLevelExec(ForkJoinPool.java:1182)
	at java.base/java.util.concurrent.ForkJoinPool.scan(ForkJoinPool.java:1655)
	at java.base/java.util.concurrent.ForkJoinPool.runWorker(ForkJoinPool.java:1622)
	at java.base/java.util.concurrent.ForkJoinWorkerThread.run(ForkJoinWorkerThread.java:165)
2022-02-02 13:37:31,507 [INFO] from akka.event.slf4j.Slf4jLogger in application-akka.actor.default-dispatcher-4 - Slf4jLogger started
2022-02-02 13:37:31,773 [INFO] from play.api.Play in Thread-0 - Application started (Prod) (no global state)
2022-02-02 13:37:32,015 [ERROR] from akka.io.TcpListener in application-akka.actor.default-dispatcher-7 - Bind failed for TCP channel on endpoint [/0.0.0.0:8080]
java.net.BindException: [/0.0.0.0:8080] Address already in use
	at java.base/sun.nio.ch.Net.bind0(Native Method)
	at java.base/sun.nio.ch.Net.bind(Net.java:555)
	at java.base/sun.nio.ch.ServerSocketChannelImpl.netBind(ServerSocketChannelImpl.java:337)
	at java.base/sun.nio.ch.ServerSocketChannelImpl.bind(ServerSocketChannelImpl.java:294)
	at java.base/sun.nio.ch.ServerSocketAdaptor.bind(ServerSocketAdaptor.java:89)
	at akka.io.TcpListener.liftedTree1$1(TcpListener.scala:60)
	at akka.io.TcpListener.<init>(TcpListener.scala:57)
	at java.base/jdk.internal.reflect.NativeConstructorAccessorImpl.newInstance0(Native Method)
	at java.base/jdk.internal.reflect.NativeConstructorAccessorImpl.newInstance(NativeConstructorAccessorImpl.java:77)
	at java.base/jdk.internal.reflect.DelegatingConstructorAccessorImpl.newInstance(DelegatingConstructorAccessorImpl.java:45)
	at java.base/java.lang.reflect.Constructor.newInstanceWithCaller(Constructor.java:499)
	at java.base/java.lang.reflect.Constructor.newInstance(Constructor.java:480)
	at akka.util.Reflect$.instantiate(Reflect.scala:73)
	at akka.actor.ArgsReflectConstructor.produce(IndirectActorProducer.scala:101)
	at akka.actor.Props.newActor(Props.scala:226)
	at akka.actor.ActorCell.newActor(ActorCell.scala:615)
	at akka.actor.ActorCell.create(ActorCell.scala:642)
	at akka.actor.ActorCell.invokeAll$1(ActorCell.scala:513)
	at akka.actor.ActorCell.systemInvoke(ActorCell.scala:535)
	at akka.dispatch.Mailbox.processAllSystemMessages(Mailbox.scala:295)
	at akka.dispatch.Mailbox.run(Mailbox.scala:230)
	at akka.dispatch.Mailbox.exec(Mailbox.scala:243)
	at java.base/java.util.concurrent.ForkJoinTask.doExec(ForkJoinTask.java:373)
	at java.base/java.util.concurrent.ForkJoinPool$WorkQueue.topLevelExec(ForkJoinPool.java:1182)
	at java.base/java.util.concurrent.ForkJoinPool.scan(ForkJoinPool.java:1655)
	at java.base/java.util.concurrent.ForkJoinPool.runWorker(ForkJoinPool.java:1622)
	at java.base/java.util.concurrent.ForkJoinWorkerThread.run(ForkJoinWorkerThread.java:165)
2022-02-02 13:39:05,605 [INFO] from akka.event.slf4j.Slf4jLogger in application-akka.actor.default-dispatcher-4 - Slf4jLogger started
2022-02-02 13:39:05,867 [INFO] from play.api.Play in Thread-0 - Application started (Prod) (no global state)
2022-02-02 13:39:06,106 [INFO] from play.core.server.AkkaHttpServer in Thread-0 - Enabling HTTP/2 on Akka HTTP server...
2022-02-02 13:39:06,106 [INFO] from play.core.server.AkkaHttpServer in Thread-0 - Listening for HTTP on /[0:0:0:0:0:0:0:0]:8080
2022-02-02 13:39:06,193 [INFO] from com.jpro.activity in application-akka.actor.default-dispatcher-7 - Starting the server
2022-02-02 13:39:06,193 [INFO] from com.jpro.internal.server.Initializer$ in application-akka.actor.default-dispatcher-7 -  *** Starting JPro: https://www.jpro.one/ ***
2022-02-02 13:39:06,193 [INFO] from com.jpro.internal.server.Initializer$ in application-akka.actor.default-dispatcher-7 - OS: Mac OS X
2022-02-02 13:39:06,196 [INFO] from com.jpro.internal.server.Initializer$ in application-akka.actor.default-dispatcher-7 - JPro: 2021.2.2
2022-02-02 13:39:06,196 [INFO] from com.jpro.internal.server.Initializer$ in application-akka.actor.default-dispatcher-7 - Java version: 17.0.2
2022-02-02 13:39:06,196 [INFO] from com.jpro.internal.server.Initializer$ in application-akka.actor.default-dispatcher-7 - JVM: 17.0.2 Azul Systems, Inc.
2022-02-02 13:39:06,197 [INFO] from com.jpro.internal.server.Initializer$ in application-akka.actor.default-dispatcher-7 - JavaFX jar: file:/Users/hansolo/.gradle/caches/modules-2/files-2.1/org.openjfx/javafx-graphics/17.0.1.1-jpro+0/4bea52d4d90e3219d69229e1d235efc17296d40/javafx-graphics-17.0.1.1-jpro+0-mac.jar
2022-02-02 13:39:06,203 [INFO] from com.jpro.internal.server.Initializer$ in application-akka.actor.default-dispatcher-7 - redirected OUT / ERR
2022-02-02 13:39:06,203 [INFO] from com.jpro.internal.server.Initializer$ in application-akka.actor.default-dispatcher-7 - installed SLF4JBridge
2022-02-02 13:39:06,236 [WARN] from javafx in application-akka.actor.default-dispatcher-7 - Unsupported JavaFX configuration: classes were loaded from 'unnamed module @21d62448'
2022-02-02 13:49:48,926 [INFO] from akka.event.slf4j.Slf4jLogger in application-akka.actor.default-dispatcher-6 - Slf4jLogger started
2022-02-02 13:49:49,187 [INFO] from play.api.Play in Thread-0 - Application started (Prod) (no global state)
2022-02-02 13:49:49,432 [INFO] from play.core.server.AkkaHttpServer in Thread-0 - Enabling HTTP/2 on Akka HTTP server...
2022-02-02 13:49:49,433 [INFO] from play.core.server.AkkaHttpServer in Thread-0 - Listening for HTTP on /[0:0:0:0:0:0:0:0]:8080
2022-02-02 13:49:49,556 [INFO] from com.jpro.activity in application-akka.actor.default-dispatcher-9 - Starting the server
2022-02-02 13:49:49,556 [INFO] from com.jpro.internal.server.Initializer$ in application-akka.actor.default-dispatcher-9 -  *** Starting JPro: https://www.jpro.one/ ***
2022-02-02 13:49:49,556 [INFO] from com.jpro.internal.server.Initializer$ in application-akka.actor.default-dispatcher-9 - OS: Mac OS X
2022-02-02 13:49:49,559 [INFO] from com.jpro.internal.server.Initializer$ in application-akka.actor.default-dispatcher-9 - JPro: 2021.2.2
2022-02-02 13:49:49,559 [INFO] from com.jpro.internal.server.Initializer$ in application-akka.actor.default-dispatcher-9 - Java version: 17.0.2
2022-02-02 13:49:49,559 [INFO] from com.jpro.internal.server.Initializer$ in application-akka.actor.default-dispatcher-9 - JVM: 17.0.2 Azul Systems, Inc.
2022-02-02 13:49:49,560 [INFO] from com.jpro.internal.server.Initializer$ in application-akka.actor.default-dispatcher-9 - JavaFX jar: file:/Users/hansolo/.gradle/caches/modules-2/files-2.1/org.openjfx/javafx-graphics/17.0.1.1-jpro+0/4bea52d4d90e3219d69229e1d235efc17296d40/javafx-graphics-17.0.1.1-jpro+0-mac.jar
2022-02-02 13:49:49,567 [INFO] from com.jpro.internal.server.Initializer$ in application-akka.actor.default-dispatcher-9 - redirected OUT / ERR
2022-02-02 13:49:49,567 [INFO] from com.jpro.internal.server.Initializer$ in application-akka.actor.default-dispatcher-9 - installed SLF4JBridge
2022-02-02 13:49:49,598 [WARN] from javafx in application-akka.actor.default-dispatcher-9 - Unsupported JavaFX configuration: classes were loaded from 'unnamed module @71d4f44a'
2022-02-02 13:52:11,475 [INFO] from akka.event.slf4j.Slf4jLogger in application-akka.actor.default-dispatcher-4 - Slf4jLogger started
2022-02-02 13:52:11,747 [INFO] from play.api.Play in Thread-0 - Application started (Prod) (no global state)
2022-02-02 13:52:11,987 [ERROR] from akka.io.TcpListener in application-akka.actor.default-dispatcher-7 - Bind failed for TCP channel on endpoint [/0.0.0.0:8080]
java.net.BindException: [/0.0.0.0:8080] Address already in use
	at java.base/sun.nio.ch.Net.bind0(Native Method)
	at java.base/sun.nio.ch.Net.bind(Net.java:555)
	at java.base/sun.nio.ch.ServerSocketChannelImpl.netBind(ServerSocketChannelImpl.java:337)
	at java.base/sun.nio.ch.ServerSocketChannelImpl.bind(ServerSocketChannelImpl.java:294)
	at java.base/sun.nio.ch.ServerSocketAdaptor.bind(ServerSocketAdaptor.java:89)
	at akka.io.TcpListener.liftedTree1$1(TcpListener.scala:60)
	at akka.io.TcpListener.<init>(TcpListener.scala:57)
	at java.base/jdk.internal.reflect.NativeConstructorAccessorImpl.newInstance0(Native Method)
	at java.base/jdk.internal.reflect.NativeConstructorAccessorImpl.newInstance(NativeConstructorAccessorImpl.java:77)
	at java.base/jdk.internal.reflect.DelegatingConstructorAccessorImpl.newInstance(DelegatingConstructorAccessorImpl.java:45)
	at java.base/java.lang.reflect.Constructor.newInstanceWithCaller(Constructor.java:499)
	at java.base/java.lang.reflect.Constructor.newInstance(Constructor.java:480)
	at akka.util.Reflect$.instantiate(Reflect.scala:73)
	at akka.actor.ArgsReflectConstructor.produce(IndirectActorProducer.scala:101)
	at akka.actor.Props.newActor(Props.scala:226)
	at akka.actor.ActorCell.newActor(ActorCell.scala:615)
	at akka.actor.ActorCell.create(ActorCell.scala:642)
	at akka.actor.ActorCell.invokeAll$1(ActorCell.scala:513)
	at akka.actor.ActorCell.systemInvoke(ActorCell.scala:535)
	at akka.dispatch.Mailbox.processAllSystemMessages(Mailbox.scala:295)
	at akka.dispatch.Mailbox.run(Mailbox.scala:230)
	at akka.dispatch.Mailbox.exec(Mailbox.scala:243)
	at java.base/java.util.concurrent.ForkJoinTask.doExec(ForkJoinTask.java:373)
	at java.base/java.util.concurrent.ForkJoinPool$WorkQueue.topLevelExec(ForkJoinPool.java:1182)
	at java.base/java.util.concurrent.ForkJoinPool.scan(ForkJoinPool.java:1655)
	at java.base/java.util.concurrent.ForkJoinPool.runWorker(ForkJoinPool.java:1622)
	at java.base/java.util.concurrent.ForkJoinWorkerThread.run(ForkJoinWorkerThread.java:165)
2022-02-02 13:53:26,760 [INFO] from akka.event.slf4j.Slf4jLogger in application-akka.actor.default-dispatcher-4 - Slf4jLogger started
2022-02-02 13:53:27,026 [INFO] from play.api.Play in Thread-0 - Application started (Prod) (no global state)
2022-02-02 13:53:27,265 [INFO] from play.core.server.AkkaHttpServer in Thread-0 - Enabling HTTP/2 on Akka HTTP server...
2022-02-02 13:53:27,265 [INFO] from play.core.server.AkkaHttpServer in Thread-0 - Listening for HTTP on /[0:0:0:0:0:0:0:0]:8080
2022-02-02 13:53:27,369 [INFO] from com.jpro.activity in application-akka.actor.default-dispatcher-8 - Starting the server
2022-02-02 13:53:27,369 [INFO] from com.jpro.internal.server.Initializer$ in application-akka.actor.default-dispatcher-8 -  *** Starting JPro: https://www.jpro.one/ ***
2022-02-02 13:53:27,370 [INFO] from com.jpro.internal.server.Initializer$ in application-akka.actor.default-dispatcher-8 - OS: Mac OS X
2022-02-02 13:53:27,373 [INFO] from com.jpro.internal.server.Initializer$ in application-akka.actor.default-dispatcher-8 - JPro: 2021.2.2
2022-02-02 13:53:27,373 [INFO] from com.jpro.internal.server.Initializer$ in application-akka.actor.default-dispatcher-8 - Java version: 17.0.2
2022-02-02 13:53:27,373 [INFO] from com.jpro.internal.server.Initializer$ in application-akka.actor.default-dispatcher-8 - JVM: 17.0.2 Azul Systems, Inc.
2022-02-02 13:53:27,374 [INFO] from com.jpro.internal.server.Initializer$ in application-akka.actor.default-dispatcher-8 - JavaFX jar: file:/Users/hansolo/.gradle/caches/modules-2/files-2.1/org.openjfx/javafx-graphics/17.0.1.1-jpro+0/4bea52d4d90e3219d69229e1d235efc17296d40/javafx-graphics-17.0.1.1-jpro+0-mac.jar
2022-02-02 13:53:27,379 [INFO] from com.jpro.internal.server.Initializer$ in application-akka.actor.default-dispatcher-8 - redirected OUT / ERR
2022-02-02 13:53:27,379 [INFO] from com.jpro.internal.server.Initializer$ in application-akka.actor.default-dispatcher-8 - installed SLF4JBridge
2022-02-02 13:53:27,408 [WARN] from javafx in application-akka.actor.default-dispatcher-8 - Unsupported JavaFX configuration: classes were loaded from 'unnamed module @3e0f761d'
